[-0.792s] DEBUG:colcon:Command line arguments: ['/usr/bin/colcon', 'build', '--symlink-install']
[-0.792s] DEBUG:colcon:Parsed command line arguments: Namespace(log_base=None, log_level=None, verb_name='build', build_base='build', install_base='install', merge_install=False, symlink_install=True, test_result_base=None, continue_on_error=False, executor='parallel', parallel_workers=14, event_handlers=None, ignore_user_meta=False, metas=['./colcon.meta'], base_paths=['.'], packages_ignore=None, packages_ignore_regex=None, paths=None, packages_up_to=None, packages_up_to_regex=None, packages_above=None, packages_above_and_dependencies=None, packages_above_depth=None, packages_select_by_dep=None, packages_skip_by_dep=None, packages_skip_up_to=None, packages_select_build_failed=False, packages_skip_build_finished=False, packages_select_test_failures=False, packages_skip_test_passed=False, packages_select=None, packages_skip=None, packages_select_regex=None, packages_skip_regex=None, packages_start=None, packages_end=None, allow_overriding=[], cmake_args=None, cmake_target=None, cmake_target_skip_unavailable=False, cmake_clean_cache=False, cmake_clean_first=False, cmake_force_configure=False, ament_cmake_args=None, catkin_cmake_args=None, catkin_skip_building_tests=False, mixin_files=None, mixin=None, verb_parser=<colcon_mixin.mixin.mixin_argument.MixinArgumentDecorator object at 0x7e0fbb8656c0>, verb_extension=<colcon_core.verb.build.BuildVerb object at 0x7e0fbb8650f0>, main=<bound method BuildVerb.main of <colcon_core.verb.build.BuildVerb object at 0x7e0fbb8650f0>>, mixin_verb=('build',))
[-0.701s] Level 1:colcon.colcon_core.package_discovery:discover_packages(colcon_meta) check parameters
[-0.701s] Level 1:colcon.colcon_core.package_discovery:discover_packages(recursive) check parameters
[-0.701s] Level 1:colcon.colcon_core.package_discovery:discover_packages(ignore) check parameters
[-0.701s] Level 1:colcon.colcon_core.package_discovery:discover_packages(path) check parameters
[-0.701s] Level 1:colcon.colcon_core.package_discovery:discover_packages(colcon_meta) discover
[-0.701s] Level 1:colcon.colcon_core.package_discovery:discover_packages(recursive) discover
[-0.701s] INFO:colcon.colcon_core.package_discovery:Crawling recursively for packages in '/home/tfy/planner_ws'
[-0.701s] Level 1:colcon.colcon_core.package_identification:_identify(.) by extensions ['ignore', 'ignore_ament_install']
[-0.700s] Level 1:colcon.colcon_core.package_identification:_identify(.) by extension 'ignore'
[-0.700s] Level 1:colcon.colcon_core.package_identification:_identify(.) by extension 'ignore_ament_install'
[-0.700s] Level 1:colcon.colcon_core.package_identification:_identify(.) by extensions ['colcon_pkg']
[-0.700s] Level 1:colcon.colcon_core.package_identification:_identify(.) by extension 'colcon_pkg'
[-0.700s] Level 1:colcon.colcon_core.package_identification:_identify(.) by extensions ['colcon_meta']
[-0.700s] Level 1:colcon.colcon_core.package_identification:_identify(.) by extension 'colcon_meta'
[-0.700s] Level 1:colcon.colcon_core.package_identification:_identify(.) by extensions ['ros']
[-0.700s] Level 1:colcon.colcon_core.package_identification:_identify(.) by extension 'ros'
[-0.694s] Level 1:colcon.colcon_core.package_identification:_identify(.) by extensions ['cmake', 'python']
[-0.694s] Level 1:colcon.colcon_core.package_identification:_identify(.) by extension 'cmake'
[-0.694s] Level 1:colcon.colcon_core.package_identification:_identify(.) by extension 'python'
[-0.694s] Level 1:colcon.colcon_core.package_identification:_identify(.) by extensions ['python_setup_py']
[-0.694s] Level 1:colcon.colcon_core.package_identification:_identify(.) by extension 'python_setup_py'
[-0.694s] Level 1:colcon.colcon_core.package_identification:_identify(build) by extensions ['ignore', 'ignore_ament_install']
[-0.694s] Level 1:colcon.colcon_core.package_identification:_identify(build) by extension 'ignore'
[-0.694s] Level 1:colcon.colcon_core.package_identification:_identify(build) ignored
[-0.693s] Level 1:colcon.colcon_core.package_identification:_identify(install) by extensions ['ignore', 'ignore_ament_install']
[-0.693s] Level 1:colcon.colcon_core.package_identification:_identify(install) by extension 'ignore'
[-0.693s] Level 1:colcon.colcon_core.package_identification:_identify(install) ignored
[-0.693s] Level 1:colcon.colcon_core.package_identification:_identify(log) by extensions ['ignore', 'ignore_ament_install']
[-0.693s] Level 1:colcon.colcon_core.package_identification:_identify(log) by extension 'ignore'
[-0.693s] Level 1:colcon.colcon_core.package_identification:_identify(log) ignored
[-0.693s] Level 1:colcon.colcon_core.package_identification:_identify(report) by extensions ['ignore', 'ignore_ament_install']
[-0.693s] Level 1:colcon.colcon_core.package_identification:_identify(report) by extension 'ignore'
[-0.693s] Level 1:colcon.colcon_core.package_identification:_identify(report) by extension 'ignore_ament_install'
[-0.693s] Level 1:colcon.colcon_core.package_identification:_identify(report) by extensions ['colcon_pkg']
[-0.693s] Level 1:colcon.colcon_core.package_identification:_identify(report) by extension 'colcon_pkg'
[-0.693s] Level 1:colcon.colcon_core.package_identification:_identify(report) by extensions ['colcon_meta']
[-0.693s] Level 1:colcon.colcon_core.package_identification:_identify(report) by extension 'colcon_meta'
[-0.693s] Level 1:colcon.colcon_core.package_identification:_identify(report) by extensions ['ros']
[-0.693s] Level 1:colcon.colcon_core.package_identification:_identify(report) by extension 'ros'
[-0.693s] Level 1:colcon.colcon_core.package_identification:_identify(report) by extensions ['cmake', 'python']
[-0.693s] Level 1:colcon.colcon_core.package_identification:_identify(report) by extension 'cmake'
[-0.693s] Level 1:colcon.colcon_core.package_identification:_identify(report) by extension 'python'
[-0.693s] Level 1:colcon.colcon_core.package_identification:_identify(report) by extensions ['python_setup_py']
[-0.693s] Level 1:colcon.colcon_core.package_identification:_identify(report) by extension 'python_setup_py'
[-0.693s] Level 1:colcon.colcon_core.package_identification:_identify(src) by extensions ['ignore', 'ignore_ament_install']
[-0.693s] Level 1:colcon.colcon_core.package_identification:_identify(src) by extension 'ignore'
[-0.693s] Level 1:colcon.colcon_core.package_identification:_identify(src) by extension 'ignore_ament_install'
[-0.693s] Level 1:colcon.colcon_core.package_identification:_identify(src) by extensions ['colcon_pkg']
[-0.693s] Level 1:colcon.colcon_core.package_identification:_identify(src) by extension 'colcon_pkg'
[-0.693s] Level 1:colcon.colcon_core.package_identification:_identify(src) by extensions ['colcon_meta']
[-0.693s] Level 1:colcon.colcon_core.package_identification:_identify(src) by extension 'colcon_meta'
[-0.693s] Level 1:colcon.colcon_core.package_identification:_identify(src) by extensions ['ros']
[-0.693s] Level 1:colcon.colcon_core.package_identification:_identify(src) by extension 'ros'
[-0.693s] Level 1:colcon.colcon_core.package_identification:_identify(src) by extensions ['cmake', 'python']
[-0.693s] Level 1:colcon.colcon_core.package_identification:_identify(src) by extension 'cmake'
[-0.693s] Level 1:colcon.colcon_core.package_identification:_identify(src) by extension 'python'
[-0.693s] Level 1:colcon.colcon_core.package_identification:_identify(src) by extensions ['python_setup_py']
[-0.693s] Level 1:colcon.colcon_core.package_identification:_identify(src) by extension 'python_setup_py'
[-0.693s] Level 1:colcon.colcon_core.package_identification:_identify(src/planner_core_demo) by extensions ['ignore', 'ignore_ament_install']
[-0.693s] Level 1:colcon.colcon_core.package_identification:_identify(src/planner_core_demo) by extension 'ignore'
[-0.693s] Level 1:colcon.colcon_core.package_identification:_identify(src/planner_core_demo) by extension 'ignore_ament_install'
[-0.693s] Level 1:colcon.colcon_core.package_identification:_identify(src/planner_core_demo) by extensions ['colcon_pkg']
[-0.693s] Level 1:colcon.colcon_core.package_identification:_identify(src/planner_core_demo) by extension 'colcon_pkg'
[-0.693s] Level 1:colcon.colcon_core.package_identification:_identify(src/planner_core_demo) by extensions ['colcon_meta']
[-0.693s] Level 1:colcon.colcon_core.package_identification:_identify(src/planner_core_demo) by extension 'colcon_meta'
[-0.693s] Level 1:colcon.colcon_core.package_identification:_identify(src/planner_core_demo) by extensions ['ros']
[-0.693s] Level 1:colcon.colcon_core.package_identification:_identify(src/planner_core_demo) by extension 'ros'
[-0.691s] DEBUG:colcon.colcon_core.package_identification:Package 'src/planner_core_demo' with type 'ros.ament_cmake' and name 'planner_core_demo'
[-0.691s] Level 1:colcon.colcon_core.package_identification:_identify(src/planner_visualization_demo) by extensions ['ignore', 'ignore_ament_install']
[-0.691s] Level 1:colcon.colcon_core.package_identification:_identify(src/planner_visualization_demo) by extension 'ignore'
[-0.691s] Level 1:colcon.colcon_core.package_identification:_identify(src/planner_visualization_demo) by extension 'ignore_ament_install'
[-0.691s] Level 1:colcon.colcon_core.package_identification:_identify(src/planner_visualization_demo) by extensions ['colcon_pkg']
[-0.691s] Level 1:colcon.colcon_core.package_identification:_identify(src/planner_visualization_demo) by extension 'colcon_pkg'
[-0.691s] Level 1:colcon.colcon_core.package_identification:_identify(src/planner_visualization_demo) by extensions ['colcon_meta']
[-0.691s] Level 1:colcon.colcon_core.package_identification:_identify(src/planner_visualization_demo) by extension 'colcon_meta'
[-0.691s] Level 1:colcon.colcon_core.package_identification:_identify(src/planner_visualization_demo) by extensions ['ros']
[-0.691s] Level 1:colcon.colcon_core.package_identification:_identify(src/planner_visualization_demo) by extension 'ros'
[-0.690s] DEBUG:colcon.colcon_core.package_identification:Package 'src/planner_visualization_demo' with type 'ros.ament_cmake' and name 'planner_visualization_demo'
[-0.690s] Level 1:colcon.colcon_core.package_discovery:discover_packages(recursive) using defaults
[-0.690s] Level 1:colcon.colcon_core.package_discovery:discover_packages(ignore) discover
[-0.690s] Level 1:colcon.colcon_core.package_discovery:discover_packages(ignore) using defaults
[-0.690s] Level 1:colcon.colcon_core.package_discovery:discover_packages(path) discover
[-0.690s] Level 1:colcon.colcon_core.package_discovery:discover_packages(path) using defaults
[-0.667s] Level 1:colcon.colcon_core.package_discovery:discover_packages(prefix_path) check parameters
[-0.666s] Level 1:colcon.colcon_core.package_discovery:discover_packages(prefix_path) discover
[-0.666s] WARNING:colcon.colcon_ros.prefix_path.ament:The path '/home/tfy/planner_ws/install/planner_visualization_demo' in the environment variable AMENT_PREFIX_PATH doesn't exist
[-0.666s] WARNING:colcon.colcon_ros.prefix_path.ament:The path '/home/tfy/planner_ws/install/planner_core_demo' in the environment variable AMENT_PREFIX_PATH doesn't exist
[-0.666s] WARNING:colcon.colcon_ros.prefix_path.catkin:The path '/home/tfy/planner_ws/install/planner_visualization_demo' in the environment variable CMAKE_PREFIX_PATH doesn't exist
[-0.666s] WARNING:colcon.colcon_ros.prefix_path.catkin:The path '/home/tfy/planner_ws/install/planner_core_demo' in the environment variable CMAKE_PREFIX_PATH doesn't exist
[-0.665s] DEBUG:colcon.colcon_installed_package_information.package_discovery:Found 0 installed packages in /home/tfy/planner_ws/install
[-0.665s] DEBUG:colcon.colcon_installed_package_information.package_discovery:Found 275 installed packages in /opt/ros/humble
[-0.664s] Level 1:colcon.colcon_core.package_discovery:discover_packages(prefix_path) using defaults
[-0.644s] Level 5:colcon.colcon_core.verb:set package 'planner_core_demo' build argument 'cmake_args' from command line to 'None'
[-0.644s] Level 5:colcon.colcon_core.verb:set package 'planner_core_demo' build argument 'cmake_target' from command line to 'None'
[-0.644s] Level 5:colcon.colcon_core.verb:set package 'planner_core_demo' build argument 'cmake_target_skip_unavailable' from command line to 'False'
[-0.644s] Level 5:colcon.colcon_core.verb:set package 'planner_core_demo' build argument 'cmake_clean_cache' from command line to 'False'
[-0.644s] Level 5:colcon.colcon_core.verb:set package 'planner_core_demo' build argument 'cmake_clean_first' from command line to 'False'
[-0.644s] Level 5:colcon.colcon_core.verb:set package 'planner_core_demo' build argument 'cmake_force_configure' from command line to 'False'
[-0.644s] Level 5:colcon.colcon_core.verb:set package 'planner_core_demo' build argument 'ament_cmake_args' from command line to 'None'
[-0.644s] Level 5:colcon.colcon_core.verb:set package 'planner_core_demo' build argument 'catkin_cmake_args' from command line to 'None'
[-0.644s] Level 5:colcon.colcon_core.verb:set package 'planner_core_demo' build argument 'catkin_skip_building_tests' from command line to 'False'
[-0.644s] DEBUG:colcon.colcon_core.verb:Building package 'planner_core_demo' with the following arguments: {'ament_cmake_args': None, 'build_base': '/home/tfy/planner_ws/build/planner_core_demo', 'catkin_cmake_args': None, 'catkin_skip_building_tests': False, 'cmake_args': None, 'cmake_clean_cache': False, 'cmake_clean_first': False, 'cmake_force_configure': False, 'cmake_target': None, 'cmake_target_skip_unavailable': False, 'install_base': '/home/tfy/planner_ws/install/planner_core_demo', 'merge_install': False, 'path': '/home/tfy/planner_ws/src/planner_core_demo', 'symlink_install': True, 'test_result_base': None}
[-0.643s] Level 5:colcon.colcon_core.verb:set package 'planner_visualization_demo' build argument 'cmake_args' from command line to 'None'
[-0.643s] Level 5:colcon.colcon_core.verb:set package 'planner_visualization_demo' build argument 'cmake_target' from command line to 'None'
[-0.643s] Level 5:colcon.colcon_core.verb:set package 'planner_visualization_demo' build argument 'cmake_target_skip_unavailable' from command line to 'False'
[-0.643s] Level 5:colcon.colcon_core.verb:set package 'planner_visualization_demo' build argument 'cmake_clean_cache' from command line to 'False'
[-0.643s] Level 5:colcon.colcon_core.verb:set package 'planner_visualization_demo' build argument 'cmake_clean_first' from command line to 'False'
[-0.643s] Level 5:colcon.colcon_core.verb:set package 'planner_visualization_demo' build argument 'cmake_force_configure' from command line to 'False'
[-0.643s] Level 5:colcon.colcon_core.verb:set package 'planner_visualization_demo' build argument 'ament_cmake_args' from command line to 'None'
[-0.643s] Level 5:colcon.colcon_core.verb:set package 'planner_visualization_demo' build argument 'catkin_cmake_args' from command line to 'None'
[-0.643s] Level 5:colcon.colcon_core.verb:set package 'planner_visualization_demo' build argument 'catkin_skip_building_tests' from command line to 'False'
[-0.643s] DEBUG:colcon.colcon_core.verb:Building package 'planner_visualization_demo' with the following arguments: {'ament_cmake_args': None, 'build_base': '/home/tfy/planner_ws/build/planner_visualization_demo', 'catkin_cmake_args': None, 'catkin_skip_building_tests': False, 'cmake_args': None, 'cmake_clean_cache': False, 'cmake_clean_first': False, 'cmake_force_configure': False, 'cmake_target': None, 'cmake_target_skip_unavailable': False, 'install_base': '/home/tfy/planner_ws/install/planner_visualization_demo', 'merge_install': False, 'path': '/home/tfy/planner_ws/src/planner_visualization_demo', 'symlink_install': True, 'test_result_base': None}
[-0.643s] INFO:colcon.colcon_core.executor:Executing jobs using 'parallel' executor
[-0.642s] DEBUG:colcon.colcon_parallel_executor.executor.parallel:run_until_complete
[-0.641s] INFO:colcon.colcon_ros.task.ament_cmake.build:Building ROS package in '/home/tfy/planner_ws/src/planner_core_demo' with build type 'ament_cmake'
[-0.641s] INFO:colcon.colcon_cmake.task.cmake.build:Building CMake package in '/home/tfy/planner_ws/src/planner_core_demo'
[-0.640s] INFO:colcon.colcon_core.plugin_system:Skipping extension 'colcon_core.shell.bat': Not used on non-Windows systems
[-0.640s] INFO:colcon.colcon_core.shell:Skip shell extension 'powershell' for command environment: Not usable outside of PowerShell
[-0.640s] DEBUG:colcon.colcon_core.shell:Skip shell extension 'dsv' for command environment
[-0.637s] INFO:colcon.colcon_ros.task.ament_cmake.build:Building ROS package in '/home/tfy/planner_ws/src/planner_visualization_demo' with build type 'ament_cmake'
[-0.637s] INFO:colcon.colcon_cmake.task.cmake.build:Building CMake package in '/home/tfy/planner_ws/src/planner_visualization_demo'
[-0.636s] INFO:colcon.colcon_core.shell:Skip shell extension 'powershell' for command environment: Not usable outside of PowerShell
[-0.636s] DEBUG:colcon.colcon_core.shell:Skip shell extension 'dsv' for command environment
[-0.631s] DEBUG:colcon.colcon_core.event_handler.log_command:Invoking command in '/home/tfy/planner_ws/build/planner_core_demo': CMAKE_PREFIX_PATH=${CMAKE_PREFIX_PATH}:/opt/ros/humble /usr/bin/cmake /home/tfy/planner_ws/src/planner_core_demo -DAMENT_CMAKE_SYMLINK_INSTALL=1 -DCMAKE_INSTALL_PREFIX=/home/tfy/planner_ws/install/planner_core_demo
[-0.630s] DEBUG:colcon.colcon_core.event_handler.log_command:Invoking command in '/home/tfy/planner_ws/build/planner_visualization_demo': CMAKE_PREFIX_PATH=${CMAKE_PREFIX_PATH}:/opt/ros/humble /usr/bin/cmake /home/tfy/planner_ws/src/planner_visualization_demo -DAMENT_CMAKE_SYMLINK_INSTALL=1 -DCMAKE_INSTALL_PREFIX=/home/tfy/planner_ws/install/planner_visualization_demo
[0.985s] DEBUG:colcon.colcon_core.event_handler.log_command:Invoked command in '/home/tfy/planner_ws/build/planner_visualization_demo' returned '0': CMAKE_PREFIX_PATH=${CMAKE_PREFIX_PATH}:/opt/ros/humble /usr/bin/cmake /home/tfy/planner_ws/src/planner_visualization_demo -DAMENT_CMAKE_SYMLINK_INSTALL=1 -DCMAKE_INSTALL_PREFIX=/home/tfy/planner_ws/install/planner_visualization_demo
[0.986s] DEBUG:colcon.colcon_core.event_handler.log_command:Invoking command in '/home/tfy/planner_ws/build/planner_visualization_demo': CMAKE_PREFIX_PATH=${CMAKE_PREFIX_PATH}:/opt/ros/humble /usr/bin/cmake --build /home/tfy/planner_ws/build/planner_visualization_demo -- -j14 -l14
[1.025s] DEBUG:colcon.colcon_core.event_handler.log_command:Invoked command in '/home/tfy/planner_ws/build/planner_core_demo' returned '0': CMAKE_PREFIX_PATH=${CMAKE_PREFIX_PATH}:/opt/ros/humble /usr/bin/cmake /home/tfy/planner_ws/src/planner_core_demo -DAMENT_CMAKE_SYMLINK_INSTALL=1 -DCMAKE_INSTALL_PREFIX=/home/tfy/planner_ws/install/planner_core_demo
[1.025s] DEBUG:colcon.colcon_core.event_handler.log_command:Invoking command in '/home/tfy/planner_ws/build/planner_core_demo': CMAKE_PREFIX_PATH=${CMAKE_PREFIX_PATH}:/opt/ros/humble /usr/bin/cmake --build /home/tfy/planner_ws/build/planner_core_demo -- -j14 -l14
[5.839s] DEBUG:colcon.colcon_core.event_handler.log_command:Invoked command in '/home/tfy/planner_ws/build/planner_visualization_demo' returned '0': CMAKE_PREFIX_PATH=${CMAKE_PREFIX_PATH}:/opt/ros/humble /usr/bin/cmake --build /home/tfy/planner_ws/build/planner_visualization_demo -- -j14 -l14
[5.850s] DEBUG:colcon.colcon_core.event_handler.log_command:Invoking command in '/home/tfy/planner_ws/build/planner_visualization_demo': CMAKE_PREFIX_PATH=${CMAKE_PREFIX_PATH}:/opt/ros/humble /usr/bin/cmake --install /home/tfy/planner_ws/build/planner_visualization_demo
[5.993s] Level 1:colcon.colcon_core.environment:create_environment_scripts_only(planner_visualization_demo)
[5.994s] DEBUG:colcon.colcon_core.event_handler.log_command:Invoked command in '/home/tfy/planner_ws/build/planner_visualization_demo' returned '0': CMAKE_PREFIX_PATH=${CMAKE_PREFIX_PATH}:/opt/ros/humble /usr/bin/cmake --install /home/tfy/planner_ws/build/planner_visualization_demo
[5.996s] Level 1:colcon.colcon_core.environment:checking '/home/tfy/planner_ws/install/planner_visualization_demo' for CMake module files
[5.996s] Level 1:colcon.colcon_core.environment:checking '/home/tfy/planner_ws/install/planner_visualization_demo' for CMake config files
[5.996s] Level 1:colcon.colcon_core.shell:create_environment_hook('planner_visualization_demo', 'cmake_prefix_path')
[5.996s] INFO:colcon.colcon_core.shell:Creating environment hook '/home/tfy/planner_ws/install/planner_visualization_demo/share/planner_visualization_demo/hook/cmake_prefix_path.ps1'
[5.997s] INFO:colcon.colcon_core.shell:Creating environment descriptor '/home/tfy/planner_ws/install/planner_visualization_demo/share/planner_visualization_demo/hook/cmake_prefix_path.dsv'
[5.998s] INFO:colcon.colcon_core.shell:Creating environment hook '/home/tfy/planner_ws/install/planner_visualization_demo/share/planner_visualization_demo/hook/cmake_prefix_path.sh'
[5.998s] Level 1:colcon.colcon_core.environment:checking '/home/tfy/planner_ws/install/planner_visualization_demo/lib'
[5.998s] Level 1:colcon.colcon_core.environment:checking '/home/tfy/planner_ws/install/planner_visualization_demo/bin'
[5.998s] Level 1:colcon.colcon_core.environment:checking '/home/tfy/planner_ws/install/planner_visualization_demo/lib/pkgconfig/planner_visualization_demo.pc'
[5.999s] Level 1:colcon.colcon_core.environment:checking '/home/tfy/planner_ws/install/planner_visualization_demo/lib/python3.10/site-packages'
[5.999s] Level 1:colcon.colcon_core.environment:checking '/home/tfy/planner_ws/install/planner_visualization_demo/bin'
[5.999s] INFO:colcon.colcon_core.shell:Creating package script '/home/tfy/planner_ws/install/planner_visualization_demo/share/planner_visualization_demo/package.ps1'
[6.000s] INFO:colcon.colcon_core.shell:Creating package descriptor '/home/tfy/planner_ws/install/planner_visualization_demo/share/planner_visualization_demo/package.dsv'
[6.000s] INFO:colcon.colcon_core.shell:Creating package script '/home/tfy/planner_ws/install/planner_visualization_demo/share/planner_visualization_demo/package.sh'
[6.000s] INFO:colcon.colcon_core.shell:Creating package script '/home/tfy/planner_ws/install/planner_visualization_demo/share/planner_visualization_demo/package.bash'
[6.001s] INFO:colcon.colcon_core.shell:Creating package script '/home/tfy/planner_ws/install/planner_visualization_demo/share/planner_visualization_demo/package.zsh'
[6.001s] Level 1:colcon.colcon_core.environment:create_file_with_runtime_dependencies(/home/tfy/planner_ws/install/planner_visualization_demo/share/colcon-core/packages/planner_visualization_demo)
[6.002s] Level 1:colcon.colcon_core.environment:create_environment_scripts_only(planner_visualization_demo)
[6.002s] Level 1:colcon.colcon_core.environment:checking '/home/tfy/planner_ws/install/planner_visualization_demo' for CMake module files
[6.002s] Level 1:colcon.colcon_core.environment:checking '/home/tfy/planner_ws/install/planner_visualization_demo' for CMake config files
[6.002s] Level 1:colcon.colcon_core.shell:create_environment_hook('planner_visualization_demo', 'cmake_prefix_path')
[6.002s] INFO:colcon.colcon_core.shell:Creating environment hook '/home/tfy/planner_ws/install/planner_visualization_demo/share/planner_visualization_demo/hook/cmake_prefix_path.ps1'
[6.003s] INFO:colcon.colcon_core.shell:Creating environment descriptor '/home/tfy/planner_ws/install/planner_visualization_demo/share/planner_visualization_demo/hook/cmake_prefix_path.dsv'
[6.003s] INFO:colcon.colcon_core.shell:Creating environment hook '/home/tfy/planner_ws/install/planner_visualization_demo/share/planner_visualization_demo/hook/cmake_prefix_path.sh'
[6.003s] Level 1:colcon.colcon_core.environment:checking '/home/tfy/planner_ws/install/planner_visualization_demo/lib'
[6.004s] Level 1:colcon.colcon_core.environment:checking '/home/tfy/planner_ws/install/planner_visualization_demo/bin'
[6.004s] Level 1:colcon.colcon_core.environment:checking '/home/tfy/planner_ws/install/planner_visualization_demo/lib/pkgconfig/planner_visualization_demo.pc'
[6.004s] Level 1:colcon.colcon_core.environment:checking '/home/tfy/planner_ws/install/planner_visualization_demo/lib/python3.10/site-packages'
[6.004s] Level 1:colcon.colcon_core.environment:checking '/home/tfy/planner_ws/install/planner_visualization_demo/bin'
[6.005s] INFO:colcon.colcon_core.shell:Creating package script '/home/tfy/planner_ws/install/planner_visualization_demo/share/planner_visualization_demo/package.ps1'
[6.005s] INFO:colcon.colcon_core.shell:Creating package descriptor '/home/tfy/planner_ws/install/planner_visualization_demo/share/planner_visualization_demo/package.dsv'
[6.006s] INFO:colcon.colcon_core.shell:Creating package script '/home/tfy/planner_ws/install/planner_visualization_demo/share/planner_visualization_demo/package.sh'
[6.006s] INFO:colcon.colcon_core.shell:Creating package script '/home/tfy/planner_ws/install/planner_visualization_demo/share/planner_visualization_demo/package.bash'
[6.006s] INFO:colcon.colcon_core.shell:Creating package script '/home/tfy/planner_ws/install/planner_visualization_demo/share/planner_visualization_demo/package.zsh'
[6.007s] Level 1:colcon.colcon_core.environment:create_file_with_runtime_dependencies(/home/tfy/planner_ws/install/planner_visualization_demo/share/colcon-core/packages/planner_visualization_demo)
[7.106s] DEBUG:colcon.colcon_core.event_handler.log_command:Invoked command in '/home/tfy/planner_ws/build/planner_core_demo' returned '0': CMAKE_PREFIX_PATH=${CMAKE_PREFIX_PATH}:/opt/ros/humble /usr/bin/cmake --build /home/tfy/planner_ws/build/planner_core_demo -- -j14 -l14
[7.109s] DEBUG:colcon.colcon_core.event_handler.log_command:Invoking command in '/home/tfy/planner_ws/build/planner_core_demo': CMAKE_PREFIX_PATH=${CMAKE_PREFIX_PATH}:/opt/ros/humble /usr/bin/cmake --install /home/tfy/planner_ws/build/planner_core_demo
[7.304s] Level 1:colcon.colcon_core.environment:create_environment_scripts_only(planner_core_demo)
[7.304s] DEBUG:colcon.colcon_core.event_handler.log_command:Invoked command in '/home/tfy/planner_ws/build/planner_core_demo' returned '0': CMAKE_PREFIX_PATH=${CMAKE_PREFIX_PATH}:/opt/ros/humble /usr/bin/cmake --install /home/tfy/planner_ws/build/planner_core_demo
[7.304s] Level 1:colcon.colcon_core.environment:checking '/home/tfy/planner_ws/install/planner_core_demo' for CMake module files
[7.305s] Level 1:colcon.colcon_core.environment:checking '/home/tfy/planner_ws/install/planner_core_demo' for CMake config files
[7.305s] Level 1:colcon.colcon_core.shell:create_environment_hook('planner_core_demo', 'cmake_prefix_path')
[7.305s] INFO:colcon.colcon_core.shell:Creating environment hook '/home/tfy/planner_ws/install/planner_core_demo/share/planner_core_demo/hook/cmake_prefix_path.ps1'
[7.306s] INFO:colcon.colcon_core.shell:Creating environment descriptor '/home/tfy/planner_ws/install/planner_core_demo/share/planner_core_demo/hook/cmake_prefix_path.dsv'
[7.306s] INFO:colcon.colcon_core.shell:Creating environment hook '/home/tfy/planner_ws/install/planner_core_demo/share/planner_core_demo/hook/cmake_prefix_path.sh'
[7.307s] Level 1:colcon.colcon_core.environment:checking '/home/tfy/planner_ws/install/planner_core_demo/lib'
[7.307s] Level 1:colcon.colcon_core.environment:checking '/home/tfy/planner_ws/install/planner_core_demo/bin'
[7.307s] Level 1:colcon.colcon_core.environment:checking '/home/tfy/planner_ws/install/planner_core_demo/lib/pkgconfig/planner_core_demo.pc'
[7.307s] Level 1:colcon.colcon_core.environment:checking '/home/tfy/planner_ws/install/planner_core_demo/lib/python3.10/site-packages'
[7.307s] Level 1:colcon.colcon_core.environment:checking '/home/tfy/planner_ws/install/planner_core_demo/bin'
[7.307s] INFO:colcon.colcon_core.shell:Creating package script '/home/tfy/planner_ws/install/planner_core_demo/share/planner_core_demo/package.ps1'
[7.308s] INFO:colcon.colcon_core.shell:Creating package descriptor '/home/tfy/planner_ws/install/planner_core_demo/share/planner_core_demo/package.dsv'
[7.308s] INFO:colcon.colcon_core.shell:Creating package script '/home/tfy/planner_ws/install/planner_core_demo/share/planner_core_demo/package.sh'
[7.308s] INFO:colcon.colcon_core.shell:Creating package script '/home/tfy/planner_ws/install/planner_core_demo/share/planner_core_demo/package.bash'
[7.309s] INFO:colcon.colcon_core.shell:Creating package script '/home/tfy/planner_ws/install/planner_core_demo/share/planner_core_demo/package.zsh'
[7.309s] Level 1:colcon.colcon_core.environment:create_file_with_runtime_dependencies(/home/tfy/planner_ws/install/planner_core_demo/share/colcon-core/packages/planner_core_demo)
[7.310s] Level 1:colcon.colcon_core.environment:create_environment_scripts_only(planner_core_demo)
[7.310s] Level 1:colcon.colcon_core.environment:checking '/home/tfy/planner_ws/install/planner_core_demo' for CMake module files
[7.310s] Level 1:colcon.colcon_core.environment:checking '/home/tfy/planner_ws/install/planner_core_demo' for CMake config files
[7.310s] Level 1:colcon.colcon_core.shell:create_environment_hook('planner_core_demo', 'cmake_prefix_path')
[7.310s] INFO:colcon.colcon_core.shell:Creating environment hook '/home/tfy/planner_ws/install/planner_core_demo/share/planner_core_demo/hook/cmake_prefix_path.ps1'
[7.311s] INFO:colcon.colcon_core.shell:Creating environment descriptor '/home/tfy/planner_ws/install/planner_core_demo/share/planner_core_demo/hook/cmake_prefix_path.dsv'
[7.311s] INFO:colcon.colcon_core.shell:Creating environment hook '/home/tfy/planner_ws/install/planner_core_demo/share/planner_core_demo/hook/cmake_prefix_path.sh'
[7.311s] Level 1:colcon.colcon_core.environment:checking '/home/tfy/planner_ws/install/planner_core_demo/lib'
[7.311s] Level 1:colcon.colcon_core.environment:checking '/home/tfy/planner_ws/install/planner_core_demo/bin'
[7.311s] Level 1:colcon.colcon_core.environment:checking '/home/tfy/planner_ws/install/planner_core_demo/lib/pkgconfig/planner_core_demo.pc'
[7.311s] Level 1:colcon.colcon_core.environment:checking '/home/tfy/planner_ws/install/planner_core_demo/lib/python3.10/site-packages'
[7.312s] Level 1:colcon.colcon_core.environment:checking '/home/tfy/planner_ws/install/planner_core_demo/bin'
[7.312s] INFO:colcon.colcon_core.shell:Creating package script '/home/tfy/planner_ws/install/planner_core_demo/share/planner_core_demo/package.ps1'
[7.312s] INFO:colcon.colcon_core.shell:Creating package descriptor '/home/tfy/planner_ws/install/planner_core_demo/share/planner_core_demo/package.dsv'
[7.312s] INFO:colcon.colcon_core.shell:Creating package script '/home/tfy/planner_ws/install/planner_core_demo/share/planner_core_demo/package.sh'
[7.313s] INFO:colcon.colcon_core.shell:Creating package script '/home/tfy/planner_ws/install/planner_core_demo/share/planner_core_demo/package.bash'
[7.313s] INFO:colcon.colcon_core.shell:Creating package script '/home/tfy/planner_ws/install/planner_core_demo/share/planner_core_demo/package.zsh'
[7.313s] Level 1:colcon.colcon_core.environment:create_file_with_runtime_dependencies(/home/tfy/planner_ws/install/planner_core_demo/share/colcon-core/packages/planner_core_demo)
[7.313s] DEBUG:colcon.colcon_parallel_executor.executor.parallel:closing loop
[7.314s] DEBUG:colcon.colcon_parallel_executor.executor.parallel:loop closed
[7.314s] DEBUG:colcon.colcon_parallel_executor.executor.parallel:run_until_complete finished with '0'
[7.314s] DEBUG:colcon.colcon_core.event_reactor:joining thread
[7.318s] INFO:colcon.colcon_core.plugin_system:Skipping extension 'colcon_notification.desktop_notification.terminal_notifier': Not used on non-Darwin systems
[7.319s] INFO:colcon.colcon_core.plugin_system:Skipping extension 'colcon_notification.desktop_notification.win32': Not used on non-Windows systems
[7.319s] INFO:colcon.colcon_notification.desktop_notification:Sending desktop notification using 'notify2'
[7.319s] DEBUG:colcon.colcon_notification.desktop_notification.notify2:Failed to initialize notify2: org.freedesktop.DBus.Error.FileNotFound: Failed to connect to socket /run/user/1000/bus: No such file or directory
[7.319s] DEBUG:colcon.colcon_core.event_reactor:joined thread
[7.319s] INFO:colcon.colcon_core.shell:Creating prefix script '/home/tfy/planner_ws/install/local_setup.ps1'
[7.320s] INFO:colcon.colcon_core.shell:Creating prefix util module '/home/tfy/planner_ws/install/_local_setup_util_ps1.py'
[7.321s] INFO:colcon.colcon_core.shell:Creating prefix chain script '/home/tfy/planner_ws/install/setup.ps1'
[7.321s] INFO:colcon.colcon_core.shell:Creating prefix script '/home/tfy/planner_ws/install/local_setup.sh'
[7.322s] INFO:colcon.colcon_core.shell:Creating prefix util module '/home/tfy/planner_ws/install/_local_setup_util_sh.py'
[7.322s] INFO:colcon.colcon_core.shell:Creating prefix chain script '/home/tfy/planner_ws/install/setup.sh'
[7.322s] INFO:colcon.colcon_core.shell:Creating prefix script '/home/tfy/planner_ws/install/local_setup.bash'
[7.323s] INFO:colcon.colcon_core.shell:Creating prefix chain script '/home/tfy/planner_ws/install/setup.bash'
[7.323s] INFO:colcon.colcon_core.shell:Creating prefix script '/home/tfy/planner_ws/install/local_setup.zsh'
[7.323s] INFO:colcon.colcon_core.shell:Creating prefix chain script '/home/tfy/planner_ws/install/setup.zsh'
