[0.007s] Invoking command in '/home/tfy/planner_ws/build/planner_visualization_demo': CMAKE_PREFIX_PATH=${CMAKE_PREFIX_PATH}:/opt/ros/humble /usr/bin/cmake /home/tfy/planner_ws/src/planner_visualization_demo -DAMENT_CMAKE_SYMLINK_INSTALL=1 -DCMAKE_INSTALL_PREFIX=/home/tfy/planner_ws/install/planner_visualization_demo
[0.095s] -- The C compiler identification is GNU 11.4.0
[0.439s] -- The CXX compiler identification is GNU 11.4.0
[0.649s] -- Detecting C compiler ABI info
[0.736s] -- Detecting C compiler ABI info - done
[0.739s] -- Check for working C compiler: /usr/bin/cc - skipped
[0.739s] -- Detecting C compile features
[0.739s] -- Detecting C compile features - done
[0.741s] -- Detecting CXX compiler ABI info
[0.884s] -- Detecting CXX compiler ABI info - done
[0.887s] -- Check for working CXX compiler: /usr/bin/c++ - skipped
[0.888s] -- Detecting CXX compile features
[0.888s] -- Detecting CXX compile features - done
[0.889s] -- Found ament_cmake: 1.3.14 (/opt/ros/humble/share/ament_cmake/cmake)
[0.990s] -- Found Python3: /usr/bin/python3 (found version "3.10.12") found components: Interpreter 
[1.032s] -- Override CMake install command with custom implementation using symlinks instead of copying resources
[1.044s] -- Found rclcpp: 16.0.19 (/opt/ros/humble/share/rclcpp/cmake)
[1.178s] -- Found rosidl_generator_c: 3.1.8 (/opt/ros/humble/share/rosidl_generator_c/cmake)
[1.180s] -- Found rosidl_adapter: 3.1.8 (/opt/ros/humble/share/rosidl_adapter/cmake)
[1.185s] -- Found rosidl_generator_cpp: 3.1.8 (/opt/ros/humble/share/rosidl_generator_cpp/cmake)
[1.191s] -- Using all available rosidl_typesupport_c: rosidl_typesupport_fastrtps_c;rosidl_typesupport_introspection_c
[1.199s] -- Using all available rosidl_typesupport_cpp: rosidl_typesupport_fastrtps_cpp;rosidl_typesupport_introspection_cpp
[1.220s] -- Found rmw_implementation_cmake: 6.1.2 (/opt/ros/humble/share/rmw_implementation_cmake/cmake)
[1.221s] -- Found rmw_cyclonedds_cpp: 1.3.4 (/opt/ros/humble/share/rmw_cyclonedds_cpp/cmake)
[1.231s] -- Using RMW implementation 'rmw_cyclonedds_cpp' as default
[1.236s] -- Looking for pthread.h
[1.343s] -- Looking for pthread.h - found
[1.343s] -- Performing Test CMAKE_HAVE_LIBC_PTHREAD
[1.494s] -- Performing Test CMAKE_HAVE_LIBC_PTHREAD - Success
[1.494s] -- Found Threads: TRUE  
[1.526s] -- Found visualization_msgs: 4.9.1 (/opt/ros/humble/share/visualization_msgs/cmake)
[1.604s] -- Configuring done
[1.611s] -- Generating done
[1.613s] -- Build files have been written to: /home/tfy/planner_ws/build/planner_visualization_demo
[1.621s] Invoked command in '/home/tfy/planner_ws/build/planner_visualization_demo' returned '0': CMAKE_PREFIX_PATH=${CMAKE_PREFIX_PATH}:/opt/ros/humble /usr/bin/cmake /home/tfy/planner_ws/src/planner_visualization_demo -DAMENT_CMAKE_SYMLINK_INSTALL=1 -DCMAKE_INSTALL_PREFIX=/home/tfy/planner_ws/install/planner_visualization_demo
[1.623s] Invoking command in '/home/tfy/planner_ws/build/planner_visualization_demo': CMAKE_PREFIX_PATH=${CMAKE_PREFIX_PATH}:/opt/ros/humble /usr/bin/cmake --build /home/tfy/planner_ws/build/planner_visualization_demo -- -j14 -l14
[1.664s] [ 50%] Building CXX object CMakeFiles/marker_demo.dir/src/marker_demo.cpp.o
[6.196s] [100%] Linking CXX executable marker_demo
[6.462s] [100%] Built target marker_demo
[6.475s] Invoked command in '/home/tfy/planner_ws/build/planner_visualization_demo' returned '0': CMAKE_PREFIX_PATH=${CMAKE_PREFIX_PATH}:/opt/ros/humble /usr/bin/cmake --build /home/tfy/planner_ws/build/planner_visualization_demo -- -j14 -l14
[6.486s] Invoking command in '/home/tfy/planner_ws/build/planner_visualization_demo': CMAKE_PREFIX_PATH=${CMAKE_PREFIX_PATH}:/opt/ros/humble /usr/bin/cmake --install /home/tfy/planner_ws/build/planner_visualization_demo
[6.493s] -- Install configuration: ""
[6.493s] -- Execute custom install script
[6.494s] -- Symlinking: /home/tfy/planner_ws/install/planner_visualization_demo/lib/planner_visualization_demo/marker_demo
[6.502s] -- Symlinking: /home/tfy/planner_ws/install/planner_visualization_demo/share/ament_index/resource_index/package_run_dependencies/planner_visualization_demo
[6.511s] -- Symlinking: /home/tfy/planner_ws/install/planner_visualization_demo/share/ament_index/resource_index/parent_prefix_path/planner_visualization_demo
[6.520s] -- Symlinking: /home/tfy/planner_ws/install/planner_visualization_demo/share/planner_visualization_demo/environment/ament_prefix_path.sh
[6.530s] -- Symlinking: /home/tfy/planner_ws/install/planner_visualization_demo/share/planner_visualization_demo/environment/ament_prefix_path.dsv
[6.537s] -- Symlinking: /home/tfy/planner_ws/install/planner_visualization_demo/share/planner_visualization_demo/environment/path.sh
[6.546s] -- Symlinking: /home/tfy/planner_ws/install/planner_visualization_demo/share/planner_visualization_demo/environment/path.dsv
[6.555s] -- Symlinking: /home/tfy/planner_ws/install/planner_visualization_demo/share/planner_visualization_demo/local_setup.bash
[6.563s] -- Symlinking: /home/tfy/planner_ws/install/planner_visualization_demo/share/planner_visualization_demo/local_setup.sh
[6.573s] -- Symlinking: /home/tfy/planner_ws/install/planner_visualization_demo/share/planner_visualization_demo/local_setup.zsh
[6.581s] -- Symlinking: /home/tfy/planner_ws/install/planner_visualization_demo/share/planner_visualization_demo/local_setup.dsv
[6.590s] -- Symlinking: /home/tfy/planner_ws/install/planner_visualization_demo/share/planner_visualization_demo/package.dsv
[6.598s] -- Symlinking: /home/tfy/planner_ws/install/planner_visualization_demo/share/ament_index/resource_index/packages/planner_visualization_demo
[6.605s] -- Symlinking: /home/tfy/planner_ws/install/planner_visualization_demo/share/planner_visualization_demo/cmake/planner_visualization_demoConfig.cmake
[6.613s] -- Symlinking: /home/tfy/planner_ws/install/planner_visualization_demo/share/planner_visualization_demo/cmake/planner_visualization_demoConfig-version.cmake
[6.620s] -- Symlinking: /home/tfy/planner_ws/install/planner_visualization_demo/share/planner_visualization_demo/package.xml
[6.630s] Invoked command in '/home/tfy/planner_ws/build/planner_visualization_demo' returned '0': CMAKE_PREFIX_PATH=${CMAKE_PREFIX_PATH}:/opt/ros/humble /usr/bin/cmake --install /home/tfy/planner_ws/build/planner_visualization_demo
