-- The C compiler identification is GNU 11.4.0
-- The CXX compiler identification is GNU 11.4.0
-- Detecting C compiler ABI info
-- Detecting C compiler ABI info - done
-- Check for working C compiler: /usr/bin/cc - skipped
-- Detecting C compile features
-- Detecting C compile features - done
-- Detecting CXX compiler ABI info
-- Detecting CXX compiler ABI info - done
-- Check for working CXX compiler: /usr/bin/c++ - skipped
-- Detecting CXX compile features
-- Detecting CXX compile features - done
-- Found ament_cmake: 1.3.14 (/opt/ros/humble/share/ament_cmake/cmake)
-- Found Python3: /usr/bin/python3 (found version "3.10.12") found components: Interpreter 
-- Override CMake install command with custom implementation using symlinks instead of copying resources
-- Found rclcpp: 16.0.19 (/opt/ros/humble/share/rclcpp/cmake)
-- Found rosidl_generator_c: 3.1.8 (/opt/ros/humble/share/rosidl_generator_c/cmake)
-- Found rosidl_adapter: 3.1.8 (/opt/ros/humble/share/rosidl_adapter/cmake)
-- Found rosidl_generator_cpp: 3.1.8 (/opt/ros/humble/share/rosidl_generator_cpp/cmake)
-- Using all available rosidl_typesupport_c: rosidl_typesupport_fastrtps_c;rosidl_typesupport_introspection_c
-- Using all available rosidl_typesupport_cpp: rosidl_typesupport_fastrtps_cpp;rosidl_typesupport_introspection_cpp
-- Found rmw_implementation_cmake: 6.1.2 (/opt/ros/humble/share/rmw_implementation_cmake/cmake)
-- Found rmw_cyclonedds_cpp: 1.3.4 (/opt/ros/humble/share/rmw_cyclonedds_cpp/cmake)
-- Using RMW implementation 'rmw_cyclonedds_cpp' as default
-- Looking for pthread.h
-- Looking for pthread.h - found
-- Performing Test CMAKE_HAVE_LIBC_PTHREAD
-- Performing Test CMAKE_HAVE_LIBC_PTHREAD - Success
-- Found Threads: TRUE  
-- Found visualization_msgs: 4.9.1 (/opt/ros/humble/share/visualization_msgs/cmake)
-- Found nav_msgs: 4.9.1 (/opt/ros/humble/share/nav_msgs/cmake)
-- Configuring done
-- Generating done
-- Build files have been written to: /home/tfy/planner_ws/build/planner_core_demo
[  6%] Building CXX object CMakeFiles/astar_grid_demo.dir/src/astar_grid_demo.cpp.o
[ 12%] Building CXX object CMakeFiles/random_map_demo.dir/src/random_map_demo.cpp.o
[ 18%] Building CXX object CMakeFiles/planner_benchmark.dir/src/planner_benchmark.cpp.o
[ 25%] Building CXX object CMakeFiles/kino_astar_demo.dir/src/kino_astar_demo.cpp.o
[ 31%] Building CXX object CMakeFiles/bspline_backend_demo.dir/src/bspline_backend_demo.cpp.o
[ 37%] Building CXX object CMakeFiles/mapping_demo.dir/src/mapping_demo.cpp.o
[ 43%] Building CXX object CMakeFiles/closed_loop_demo.dir/src/closed_loop_demo.cpp.o
[ 50%] Building CXX object CMakeFiles/ego_planner_demo.dir/src/ego_planner_demo.cpp.o
[ 56%] Linking CXX executable planner_benchmark
[ 56%] Built target planner_benchmark
[ 62%] Linking CXX executable random_map_demo
[ 68%] Linking CXX executable astar_grid_demo
[ 68%] Built target random_map_demo
[ 68%] Built target astar_grid_demo
[ 75%] Linking CXX executable kino_astar_demo
[ 81%] Linking CXX executable ego_planner_demo
[ 87%] Linking CXX executable bspline_backend_demo
[ 87%] Built target kino_astar_demo
[ 87%] Built target ego_planner_demo
[ 87%] Built target bspline_backend_demo
[ 93%] Linking CXX executable closed_loop_demo
[100%] Linking CXX executable mapping_demo
[100%] Built target closed_loop_demo
[100%] Built target mapping_demo
-- Install configuration: ""
-- Execute custom install script
-- Symlinking: /home/tfy/planner_ws/install/planner_core_demo/lib/planner_core_demo/random_map_demo
-- Symlinking: /home/tfy/planner_ws/install/planner_core_demo/lib/planner_core_demo/astar_grid_demo
-- Symlinking: /home/tfy/planner_ws/install/planner_core_demo/lib/planner_core_demo/kino_astar_demo
-- Symlinking: /home/tfy/planner_ws/install/planner_core_demo/lib/planner_core_demo/bspline_backend_demo
-- Symlinking: /home/tfy/planner_ws/install/planner_core_demo/lib/planner_core_demo/ego_planner_demo
-- Symlinking: /home/tfy/planner_ws/install/planner_core_demo/lib/planner_core_demo/closed_loop_demo
-- Symlinking: /home/tfy/planner_ws/install/planner_core_demo/lib/planner_core_demo/planner_benchmark
-- Symlinking: /home/tfy/planner_ws/install/planner_core_demo/lib/planner_core_demo/mapping_demo
-- Symlinking: /home/tfy/planner_ws/install/planner_core_demo/share/planner_core_demo/launch/benchmark.launch.py
-- Symlinking: /home/tfy/planner_ws/install/planner_core_demo/share/planner_core_demo/launch/planner_demo.launch.py
-- Symlinking: /home/tfy/planner_ws/install/planner_core_demo/share/planner_core_demo/rviz/planner_demo.rviz
-- Symlinking: /home/tfy/planner_ws/install/planner_core_demo/share/ament_index/resource_index/package_run_dependencies/planner_core_demo
-- Symlinking: /home/tfy/planner_ws/install/planner_core_demo/share/ament_index/resource_index/parent_prefix_path/planner_core_demo
-- Symlinking: /home/tfy/planner_ws/install/planner_core_demo/share/planner_core_demo/environment/ament_prefix_path.sh
-- Symlinking: /home/tfy/planner_ws/install/planner_core_demo/share/planner_core_demo/environment/ament_prefix_path.dsv
-- Symlinking: /home/tfy/planner_ws/install/planner_core_demo/share/planner_core_demo/environment/path.sh
-- Symlinking: /home/tfy/planner_ws/install/planner_core_demo/share/planner_core_demo/environment/path.dsv
-- Symlinking: /home/tfy/planner_ws/install/planner_core_demo/share/planner_core_demo/local_setup.bash
-- Symlinking: /home/tfy/planner_ws/install/planner_core_demo/share/planner_core_demo/local_setup.sh
-- Symlinking: /home/tfy/planner_ws/install/planner_core_demo/share/planner_core_demo/local_setup.zsh
-- Symlinking: /home/tfy/planner_ws/install/planner_core_demo/share/planner_core_demo/local_setup.dsv
-- Symlinking: /home/tfy/planner_ws/install/planner_core_demo/share/planner_core_demo/package.dsv
-- Symlinking: /home/tfy/planner_ws/install/planner_core_demo/share/ament_index/resource_index/packages/planner_core_demo
-- Symlinking: /home/tfy/planner_ws/install/planner_core_demo/share/planner_core_demo/cmake/planner_core_demoConfig.cmake
-- Symlinking: /home/tfy/planner_ws/install/planner_core_demo/share/planner_core_demo/cmake/planner_core_demoConfig-version.cmake
-- Symlinking: /home/tfy/planner_ws/install/planner_core_demo/share/planner_core_demo/package.xml
