[0.010s] Invoking command in '/home/tfy/planner_ws/build/planner_core_demo': CMAKE_PREFIX_PATH=${CMAKE_PREFIX_PATH}:/opt/ros/humble /usr/bin/cmake /home/tfy/planner_ws/src/planner_core_demo -DAMENT_CMAKE_SYMLINK_INSTALL=1 -DCMAKE_INSTALL_PREFIX=/home/tfy/planner_ws/install/planner_core_demo
[0.100s] -- The C compiler identification is GNU 11.4.0
[0.443s] -- The CXX compiler identification is GNU 11.4.0
[0.650s] -- Detecting C compiler ABI info
[0.740s] -- Detecting C compiler ABI info - done
[0.744s] -- Check for working C compiler: /usr/bin/cc - skipped
[0.744s] -- Detecting C compile features
[0.744s] -- Detecting C compile features - done
[0.746s] -- Detecting CXX compiler ABI info
[0.888s] -- Detecting CXX compiler ABI info - done
[0.892s] -- Check for working CXX compiler: /usr/bin/c++ - skipped
[0.892s] -- Detecting CXX compile features
[0.893s] -- Detecting CXX compile features - done
[0.894s] -- Found ament_cmake: 1.3.14 (/opt/ros/humble/share/ament_cmake/cmake)
[0.994s] -- Found Python3: /usr/bin/python3 (found version "3.10.12") found components: Interpreter 
[1.037s] -- Override CMake install command with custom implementation using symlinks instead of copying resources
[1.049s] -- Found rclcpp: 16.0.19 (/opt/ros/humble/share/rclcpp/cmake)
[1.183s] -- Found rosidl_generator_c: 3.1.8 (/opt/ros/humble/share/rosidl_generator_c/cmake)
[1.185s] -- Found rosidl_adapter: 3.1.8 (/opt/ros/humble/share/rosidl_adapter/cmake)
[1.189s] -- Found rosidl_generator_cpp: 3.1.8 (/opt/ros/humble/share/rosidl_generator_cpp/cmake)
[1.195s] -- Using all available rosidl_typesupport_c: rosidl_typesupport_fastrtps_c;rosidl_typesupport_introspection_c
[1.204s] -- Using all available rosidl_typesupport_cpp: rosidl_typesupport_fastrtps_cpp;rosidl_typesupport_introspection_cpp
[1.226s] -- Found rmw_implementation_cmake: 6.1.2 (/opt/ros/humble/share/rmw_implementation_cmake/cmake)
[1.227s] -- Found rmw_cyclonedds_cpp: 1.3.4 (/opt/ros/humble/share/rmw_cyclonedds_cpp/cmake)
[1.237s] -- Using RMW implementation 'rmw_cyclonedds_cpp' as default
[1.241s] -- Looking for pthread.h
[1.347s] -- Looking for pthread.h - found
[1.347s] -- Performing Test CMAKE_HAVE_LIBC_PTHREAD
[1.499s] -- Performing Test CMAKE_HAVE_LIBC_PTHREAD - Success
[1.499s] -- Found Threads: TRUE  
[1.530s] -- Found visualization_msgs: 4.9.1 (/opt/ros/humble/share/visualization_msgs/cmake)
[1.561s] -- Found nav_msgs: 4.9.1 (/opt/ros/humble/share/nav_msgs/cmake)
[1.625s] -- Configuring done
[1.648s] -- Generating done
[1.656s] -- Build files have been written to: /home/tfy/planner_ws/build/planner_core_demo
[1.666s] Invoked command in '/home/tfy/planner_ws/build/planner_core_demo' returned '0': CMAKE_PREFIX_PATH=${CMAKE_PREFIX_PATH}:/opt/ros/humble /usr/bin/cmake /home/tfy/planner_ws/src/planner_core_demo -DAMENT_CMAKE_SYMLINK_INSTALL=1 -DCMAKE_INSTALL_PREFIX=/home/tfy/planner_ws/install/planner_core_demo
[1.666s] Invoking command in '/home/tfy/planner_ws/build/planner_core_demo': CMAKE_PREFIX_PATH=${CMAKE_PREFIX_PATH}:/opt/ros/humble /usr/bin/cmake --build /home/tfy/planner_ws/build/planner_core_demo -- -j14 -l14
[1.703s] [  6%] Building CXX object CMakeFiles/astar_grid_demo.dir/src/astar_grid_demo.cpp.o
[1.703s] [ 12%] Building CXX object CMakeFiles/random_map_demo.dir/src/random_map_demo.cpp.o
[1.703s] [ 18%] Building CXX object CMakeFiles/planner_benchmark.dir/src/planner_benchmark.cpp.o
[1.705s] [ 25%] Building CXX object CMakeFiles/kino_astar_demo.dir/src/kino_astar_demo.cpp.o
[1.706s] [ 31%] Building CXX object CMakeFiles/bspline_backend_demo.dir/src/bspline_backend_demo.cpp.o
[1.706s] [ 37%] Building CXX object CMakeFiles/mapping_demo.dir/src/mapping_demo.cpp.o
[1.706s] [ 43%] Building CXX object CMakeFiles/closed_loop_demo.dir/src/closed_loop_demo.cpp.o
[1.707s] [ 50%] Building CXX object CMakeFiles/ego_planner_demo.dir/src/ego_planner_demo.cpp.o
[5.497s] [ 56%] Linking CXX executable planner_benchmark
[5.742s] [ 56%] Built target planner_benchmark
[6.358s] [ 62%] Linking CXX executable random_map_demo
[6.492s] [ 68%] Linking CXX executable astar_grid_demo
[6.619s] [ 68%] Built target random_map_demo
[6.740s] [ 68%] Built target astar_grid_demo
[6.757s] [ 75%] Linking CXX executable kino_astar_demo
[6.839s] [ 81%] Linking CXX executable ego_planner_demo
[6.887s] [ 87%] Linking CXX executable bspline_backend_demo
[7.011s] [ 87%] Built target kino_astar_demo
[7.086s] [ 87%] Built target ego_planner_demo
[7.151s] [ 87%] Built target bspline_backend_demo
[7.425s] [ 93%] Linking CXX executable closed_loop_demo
[7.481s] [100%] Linking CXX executable mapping_demo
[7.698s] [100%] Built target closed_loop_demo
[7.736s] [100%] Built target mapping_demo
[7.747s] Invoked command in '/home/tfy/planner_ws/build/planner_core_demo' returned '0': CMAKE_PREFIX_PATH=${CMAKE_PREFIX_PATH}:/opt/ros/humble /usr/bin/cmake --build /home/tfy/planner_ws/build/planner_core_demo -- -j14 -l14
[7.750s] Invoking command in '/home/tfy/planner_ws/build/planner_core_demo': CMAKE_PREFIX_PATH=${CMAKE_PREFIX_PATH}:/opt/ros/humble /usr/bin/cmake --install /home/tfy/planner_ws/build/planner_core_demo
[7.756s] -- Install configuration: ""
[7.757s] -- Execute custom install script
[7.757s] -- Symlinking: /home/tfy/planner_ws/install/planner_core_demo/lib/planner_core_demo/random_map_demo
[7.763s] -- Symlinking: /home/tfy/planner_ws/install/planner_core_demo/lib/planner_core_demo/astar_grid_demo
[7.771s] -- Symlinking: /home/tfy/planner_ws/install/planner_core_demo/lib/planner_core_demo/kino_astar_demo
[7.779s] -- Symlinking: /home/tfy/planner_ws/install/planner_core_demo/lib/planner_core_demo/bspline_backend_demo
[7.786s] -- Symlinking: /home/tfy/planner_ws/install/planner_core_demo/lib/planner_core_demo/ego_planner_demo
[7.792s] -- Symlinking: /home/tfy/planner_ws/install/planner_core_demo/lib/planner_core_demo/closed_loop_demo
[7.799s] -- Symlinking: /home/tfy/planner_ws/install/planner_core_demo/lib/planner_core_demo/planner_benchmark
[7.805s] -- Symlinking: /home/tfy/planner_ws/install/planner_core_demo/lib/planner_core_demo/mapping_demo
[7.812s] -- Symlinking: /home/tfy/planner_ws/install/planner_core_demo/share/planner_core_demo/launch/benchmark.launch.py
[7.818s] -- Symlinking: /home/tfy/planner_ws/install/planner_core_demo/share/planner_core_demo/launch/planner_demo.launch.py
[7.825s] -- Symlinking: /home/tfy/planner_ws/install/planner_core_demo/share/planner_core_demo/rviz/planner_demo.rviz
[7.834s] -- Symlinking: /home/tfy/planner_ws/install/planner_core_demo/share/ament_index/resource_index/package_run_dependencies/planner_core_demo
[7.842s] -- Symlinking: /home/tfy/planner_ws/install/planner_core_demo/share/ament_index/resource_index/parent_prefix_path/planner_core_demo
[7.852s] -- Symlinking: /home/tfy/planner_ws/install/planner_core_demo/share/planner_core_demo/environment/ament_prefix_path.sh
[7.859s] -- Symlinking: /home/tfy/planner_ws/install/planner_core_demo/share/planner_core_demo/environment/ament_prefix_path.dsv
[7.866s] -- Symlinking: /home/tfy/planner_ws/install/planner_core_demo/share/planner_core_demo/environment/path.sh
[7.874s] -- Symlinking: /home/tfy/planner_ws/install/planner_core_demo/share/planner_core_demo/environment/path.dsv
[7.881s] -- Symlinking: /home/tfy/planner_ws/install/planner_core_demo/share/planner_core_demo/local_setup.bash
[7.887s] -- Symlinking: /home/tfy/planner_ws/install/planner_core_demo/share/planner_core_demo/local_setup.sh
[7.896s] -- Symlinking: /home/tfy/planner_ws/install/planner_core_demo/share/planner_core_demo/local_setup.zsh
[7.903s] -- Symlinking: /home/tfy/planner_ws/install/planner_core_demo/share/planner_core_demo/local_setup.dsv
[7.910s] -- Symlinking: /home/tfy/planner_ws/install/planner_core_demo/share/planner_core_demo/package.dsv
[7.916s] -- Symlinking: /home/tfy/planner_ws/install/planner_core_demo/share/ament_index/resource_index/packages/planner_core_demo
[7.924s] -- Symlinking: /home/tfy/planner_ws/install/planner_core_demo/share/planner_core_demo/cmake/planner_core_demoConfig.cmake
[7.930s] -- Symlinking: /home/tfy/planner_ws/install/planner_core_demo/share/planner_core_demo/cmake/planner_core_demoConfig-version.cmake
[7.936s] -- Symlinking: /home/tfy/planner_ws/install/planner_core_demo/share/planner_core_demo/package.xml
[7.945s] Invoked command in '/home/tfy/planner_ws/build/planner_core_demo' returned '0': CMAKE_PREFIX_PATH=${CMAKE_PREFIX_PATH}:/opt/ros/humble /usr/bin/cmake --install /home/tfy/planner_ws/build/planner_core_demo
